225 INFO: PyInstaller: 6.20.0, contrib hooks: 2026.5
225 INFO: Python: 3.13.2
262 INFO: Platform: Windows-11-10.0.26100-SP0
263 INFO: Python environment: PROJECT_ROOT\.venv
266 INFO: Removing temporary files and cleaning cache in USER_HOME\AppData\Local\pyinstaller
267 WARNING: collect_data_files - skipping data collection for module 'music' as it is not a package.
268 INFO: Module search paths (PYTHONPATH):
['E:\\hyl tools\\.venv\\Scripts\\pyinstaller.exe',
 'C:\\Users\\10382\\AppData\\Local\\Programs\\Python\\Python313\\python313.zip',
 'C:\\Users\\10382\\AppData\\Local\\Programs\\Python\\Python313\\DLLs',
 'C:\\Users\\10382\\AppData\\Local\\Programs\\Python\\Python313\\Lib',
 'C:\\Users\\10382\\AppData\\Local\\Programs\\Python\\Python313',
 'E:\\hyl tools\\.venv',
 'E:\\hyl tools\\.venv\\Lib\\site-packages',
 'E:\\hyl tools']
723 INFO: Appending 'datas' from .spec
725 INFO: checking Analysis
725 INFO: Building Analysis because Analysis-00.toc is non existent
725 INFO: Looking for Python shared library...
725 INFO: Using Python shared library: USER_HOME\AppData\Local\Programs\Python\Python313\python313.dll
725 INFO: Running Analysis Analysis-00.toc
725 INFO: Target bytecode optimization level: 0
725 INFO: Initializing module dependency graph...
727 INFO: Initializing module graph hook caches...
740 INFO: Analyzing modules for base_library.zip ...
2399 INFO: Processing standard module hook 'hook-encodings.py' from 'E:\\hyl tools\\.venv\\Lib\\site-packages\\PyInstaller\\hooks'
4768 INFO: Processing standard module hook 'hook-pickle.py' from 'E:\\hyl tools\\.venv\\Lib\\site-packages\\PyInstaller\\hooks'
6232 INFO: Processing standard module hook 'hook-heapq.py' from 'E:\\hyl tools\\.venv\\Lib\\site-packages\\PyInstaller\\hooks'
6838 INFO: Caching module dependency graph...
6886 INFO: Analyzing PROJECT_ROOT\hyl_toolbox.py
7166 INFO: Processing standard module hook 'hook-PySide6.py' from 'E:\\hyl tools\\.venv\\Lib\\site-packages\\PyInstaller\\hooks'
7403 INFO: Processing standard module hook 'hook-shiboken6.py' from 'E:\\hyl tools\\.venv\\Lib\\site-packages\\PyInstaller\\hooks'
7643 INFO: Processing standard module hook 'hook-PySide6.QtNetwork.py' from 'E:\\hyl tools\\.venv\\Lib\\site-packages\\PyInstaller\\hooks'
10666 INFO: Processing standard module hook 'hook-PySide6.QtCore.py' from 'E:\\hyl tools\\.venv\\Lib\\site-packages\\PyInstaller\\hooks'
14027 INFO: Processing standard module hook 'hook-PySide6.QtGui.py' from 'E:\\hyl tools\\.venv\\Lib\\site-packages\\PyInstaller\\hooks'
27208 INFO: Processing standard module hook 'hook-PySide6.QtWidgets.py' from 'E:\\hyl tools\\.venv\\Lib\\site-packages\\PyInstaller\\hooks'
29844 INFO: Analyzing hidden import 'ncmdump'
29863 INFO: Processing standard module hook 'hook-Crypto.py' from 'E:\\hyl tools\\.venv\\Lib\\site-packages\\_pyinstaller_hooks_contrib\\stdhooks'
30449 INFO: Processing standard module hook 'hook-_ctypes.py' from 'E:\\hyl tools\\.venv\\Lib\\site-packages\\PyInstaller\\hooks'
30542 INFO: Processing standard module hook 'hook-platform.py' from 'E:\\hyl tools\\.venv\\Lib\\site-packages\\PyInstaller\\hooks'
31691 INFO: Processing module hooks (post-graph stage)...
31702 INFO: Performing binary vs. data reclassification (171 entries)
31828 INFO: Looking for ctypes DLLs
31845 INFO: Analyzing run-time hooks ...
31847 INFO: Including run-time hook 'pyi_rth_inspect.py' from 'E:\\hyl tools\\.venv\\Lib\\site-packages\\PyInstaller\\hooks\\rthooks'
31851 INFO: Including run-time hook 'pyi_rth_pyside6.py' from 'E:\\hyl tools\\.venv\\Lib\\site-packages\\PyInstaller\\hooks\\rthooks'
31855 INFO: Processing pre-find-module-path hook 'hook-_pyi_rth_utils.py' from 'E:\\hyl tools\\.venv\\Lib\\site-packages\\PyInstaller\\hooks\\pre_find_module_path'
31858 INFO: Processing standard module hook 'hook-_pyi_rth_utils.py' from 'E:\\hyl tools\\.venv\\Lib\\site-packages\\PyInstaller\\hooks'
31871 INFO: Creating base_library.zip...
31898 INFO: Looking for dynamic libraries
32259 INFO: Extra DLL search directories (AddDllDirectory): ['E:\\hyl tools\\.venv\\Lib\\site-packages\\shiboken6']
32260 INFO: Extra DLL search directories (PATH): ['E:\\hyl tools\\.venv\\Lib\\site-packages\\PySide6']
34527 INFO: Warnings written to PROJECT_ROOT\build\HylToolbox\warn-HylToolbox.txt
34554 INFO: Graph cross-reference written to PROJECT_ROOT\build\HylToolbox\xref-HylToolbox.html
34585 INFO: checking PYZ
34586 INFO: Building PYZ because PYZ-00.toc is non existent
34586 INFO: Building PYZ (ZlibArchive) PROJECT_ROOT\build\HylToolbox\PYZ-00.pyz
34836 INFO: Building PYZ (ZlibArchive) PROJECT_ROOT\build\HylToolbox\PYZ-00.pyz completed successfully.
34848 INFO: checking PKG
34849 INFO: Building PKG because PKG-00.toc is non existent
34849 INFO: Building PKG (CArchive) ¸ńĘ˝×Ş»»ą¤ľß.pkg
50891 INFO: Building PKG (CArchive) ¸ńĘ˝×Ş»»ą¤ľß.pkg completed successfully.
50897 INFO: Bootloader PROJECT_ROOT\.venv\Lib\site-packages\PyInstaller\bootloader\Windows-64bit-intel\runw.exe
50897 INFO: checking EXE
50897 INFO: Building EXE because EXE-00.toc is non existent
50897 INFO: Building EXE from EXE-00.toc
50898 INFO: Copying bootloader EXE to PROJECT_ROOT\dist\¸ńĘ˝×Ş»»ą¤ľß.exe
50952 INFO: Copying icon to EXE
51000 INFO: Copying 0 resources to EXE
51000 INFO: Embedding manifest in EXE
51046 INFO: Appending PKG archive to EXE
51238 INFO: Fixing EXE headers
51748 INFO: Building EXE from EXE-00.toc completed successfully.
51754 INFO: Build complete! The results are available in: PROJECT_ROOT\dist
